2020/06/25 08:42:25 [emerg] 1#1: invalid event type "kqueue" in /etc/nginx/nginx.conf:13
2020/06/25 08:43:24 [emerg] 1#1: open() "/etc/nginx/conf/mime.types" failed (2: No such file or directory) in /etc/nginx/nginx.conf:18
2020/06/25 08:45:49 [warn] 1#1: "send_lowat" is not supported, ignored in /etc/nginx/nginx.conf:50
2020/06/25 08:45:49 [warn] 1#1: server name "/var/log/nginx/access.log" has suspicious symbols in /etc/nginx/nginx.conf:63
2020/06/25 08:45:49 [emerg] 1#1: invalid log level "main" in /etc/nginx/nginx.conf:64
2020/06/25 08:45:59 [warn] 1#1: "send_lowat" is not supported, ignored in /etc/nginx/nginx.conf:50
2020/06/25 08:45:59 [warn] 1#1: server name "/var/log/nginx/access.log" has suspicious symbols in /etc/nginx/nginx.conf:63
2020/06/25 08:45:59 [emerg] 1#1: invalid log level "main" in /etc/nginx/nginx.conf:64
2020/06/25 08:46:34 [warn] 1#1: "send_lowat" is not supported, ignored in /etc/nginx/nginx.conf:50
2020/06/25 08:46:34 [warn] 1#1: server name "/var/log/nginx/access.log" has suspicious symbols in /etc/nginx/nginx.conf:63
2020/06/25 08:46:34 [warn] 1#1: "proxy_send_lowat" is not supported, ignored in /etc/nginx/nginx.conf:82
2020/06/25 08:46:34 [emerg] 1#1: host not found in upstream "web" in /etc/nginx/nginx.conf:67
2020/06/25 08:46:45 [warn] 1#1: "send_lowat" is not supported, ignored in /etc/nginx/nginx.conf:50
2020/06/25 08:46:45 [warn] 1#1: server name "/var/log/nginx/access.log" has suspicious symbols in /etc/nginx/nginx.conf:63
2020/06/25 08:46:45 [warn] 1#1: "proxy_send_lowat" is not supported, ignored in /etc/nginx/nginx.conf:82
2020/06/25 08:46:45 [emerg] 1#1: host not found in upstream "web" in /etc/nginx/nginx.conf:67
2020/06/25 08:47:10 [warn] 1#1: "send_lowat" is not supported, ignored in /etc/nginx/nginx.conf:50
2020/06/25 08:47:10 [warn] 1#1: server name "/var/log/nginx/access.log" has suspicious symbols in /etc/nginx/nginx.conf:63
2020/06/25 08:47:10 [warn] 1#1: "proxy_send_lowat" is not supported, ignored in /etc/nginx/nginx.conf:82
2020/06/25 08:47:10 [emerg] 1#1: mkdir() "/var/nginx/client_body_temp" failed (2: No such file or directory)
2020/06/25 08:47:51 [warn] 1#1: "send_lowat" is not supported, ignored in /etc/nginx/nginx.conf:50
2020/06/25 08:47:51 [warn] 1#1: server name "/var/log/nginx/access.log" has suspicious symbols in /etc/nginx/nginx.conf:63
2020/06/25 08:47:51 [warn] 1#1: "proxy_send_lowat" is not supported, ignored in /etc/nginx/nginx.conf:80
2020/06/25 08:49:10 [warn] 1#1: "send_lowat" is not supported, ignored in /etc/nginx/nginx.conf:50
2020/06/25 08:49:10 [warn] 1#1: server name "/var/log/nginx/access.log" has suspicious symbols in /etc/nginx/nginx.conf:63
2020/06/25 08:49:10 [warn] 1#1: "proxy_send_lowat" is not supported, ignored in /etc/nginx/nginx.conf:80
2020/06/25 08:50:36 [warn] 1#1: "send_lowat" is not supported, ignored in /etc/nginx/nginx.conf:50
2020/06/25 08:50:36 [warn] 1#1: server name "/var/log/nginx/access.log" has suspicious symbols in /etc/nginx/nginx.conf:63
2020/06/25 08:50:36 [warn] 1#1: "proxy_send_lowat" is not supported, ignored in /etc/nginx/nginx.conf:80
2020/06/25 09:27:39 [warn] 1#1: "send_lowat" is not supported, ignored in /etc/nginx/nginx.conf:50
2020/06/25 09:27:39 [warn] 1#1: server name "/var/log/nginx/access.log" has suspicious symbols in /etc/nginx/nginx.conf:63
2020/06/25 09:27:39 [warn] 1#1: "proxy_send_lowat" is not supported, ignored in /etc/nginx/nginx.conf:80
2020/06/25 09:28:17 [warn] 1#1: "send_lowat" is not supported, ignored in /etc/nginx/nginx.conf:50
2020/06/25 09:28:17 [warn] 1#1: server name "/var/log/nginx/access.log" has suspicious symbols in /etc/nginx/nginx.conf:63
2020/06/25 09:28:17 [warn] 1#1: "proxy_send_lowat" is not supported, ignored in /etc/nginx/nginx.conf:80
2020/06/25 10:08:00 [warn] 1#1: "send_lowat" is not supported, ignored in /etc/nginx/nginx.conf:50
2020/06/25 10:08:00 [warn] 1#1: server name "/var/log/nginx/access.log" has suspicious symbols in /etc/nginx/nginx.conf:63
2020/06/25 10:08:00 [warn] 1#1: "proxy_send_lowat" is not supported, ignored in /etc/nginx/nginx.conf:80
2020/06/25 11:40:24 [warn] 1#1: "send_lowat" is not supported, ignored in /etc/nginx/nginx.conf:50
2020/06/25 11:40:24 [warn] 1#1: server name "/var/log/nginx/access.log" has suspicious symbols in /etc/nginx/nginx.conf:63
2020/06/25 11:40:24 [warn] 1#1: "proxy_send_lowat" is not supported, ignored in /etc/nginx/nginx.conf:80
2020/06/25 12:00:39 [warn] 1#1: "send_lowat" is not supported, ignored in /etc/nginx/nginx.conf:50
2020/06/25 12:00:39 [warn] 1#1: server name "/var/log/nginx/access.log" has suspicious symbols in /etc/nginx/nginx.conf:63
2020/06/25 12:00:39 [warn] 1#1: "proxy_send_lowat" is not supported, ignored in /etc/nginx/nginx.conf:80
2020/06/25 12:02:49 [warn] 1#1: "send_lowat" is not supported, ignored in /etc/nginx/nginx.conf:50
2020/06/25 12:02:49 [warn] 1#1: server name "/var/log/nginx/access.log" has suspicious symbols in /etc/nginx/nginx.conf:63
2020/06/25 12:02:49 [warn] 1#1: "proxy_send_lowat" is not supported, ignored in /etc/nginx/nginx.conf:80
2020/06/25 12:06:59 [warn] 1#1: "send_lowat" is not supported, ignored in /etc/nginx/nginx.conf:50
2020/06/25 12:06:59 [warn] 1#1: server name "/var/log/nginx/access.log" has suspicious symbols in /etc/nginx/nginx.conf:63
2020/06/25 12:06:59 [warn] 1#1: "proxy_send_lowat" is not supported, ignored in /etc/nginx/nginx.conf:80
2020/06/25 12:23:35 [warn] 1#1: "send_lowat" is not supported, ignored in /etc/nginx/nginx.conf:50
2020/06/25 12:23:35 [warn] 1#1: server name "/var/log/nginx/access.log" has suspicious symbols in /etc/nginx/nginx.conf:63
2020/06/25 12:23:35 [warn] 1#1: "proxy_send_lowat" is not supported, ignored in /etc/nginx/nginx.conf:80
2020/06/25 12:39:16 [warn] 1#1: "send_lowat" is not supported, ignored in /etc/nginx/nginx.conf:50
2020/06/25 12:39:16 [warn] 1#1: server name "/var/log/nginx/access.log" has suspicious symbols in /etc/nginx/nginx.conf:63
2020/06/25 12:39:16 [warn] 1#1: "proxy_send_lowat" is not supported, ignored in /etc/nginx/nginx.conf:80
2020/06/25 12:48:20 [warn] 1#1: "send_lowat" is not supported, ignored in /etc/nginx/nginx.conf:50
2020/06/25 12:48:20 [warn] 1#1: server name "/var/log/nginx/access.log" has suspicious symbols in /etc/nginx/nginx.conf:63
2020/06/25 12:48:20 [warn] 1#1: "proxy_send_lowat" is not supported, ignored in /etc/nginx/nginx.conf:80
2020/06/25 12:52:31 [warn] 1#1: "send_lowat" is not supported, ignored in /etc/nginx/nginx.conf:50
2020/06/25 12:52:31 [warn] 1#1: server name "/var/log/nginx/access.log" has suspicious symbols in /etc/nginx/nginx.conf:63
2020/06/25 12:52:31 [warn] 1#1: "proxy_send_lowat" is not supported, ignored in /etc/nginx/nginx.conf:80
2020/06/25 12:57:50 [warn] 1#1: "send_lowat" is not supported, ignored in /etc/nginx/nginx.conf:50
2020/06/25 12:57:50 [warn] 1#1: server name "/var/log/nginx/access.log" has suspicious symbols in /etc/nginx/nginx.conf:63
2020/06/25 12:57:50 [warn] 1#1: "proxy_send_lowat" is not supported, ignored in /etc/nginx/nginx.conf:80
2020/06/29 05:42:01 [warn] 1#1: "send_lowat" is not supported, ignored in /etc/nginx/nginx.conf:50
2020/06/29 05:42:01 [warn] 1#1: server name "/var/log/nginx/access.log" has suspicious symbols in /etc/nginx/nginx.conf:63
2020/06/29 05:42:01 [warn] 1#1: "proxy_send_lowat" is not supported, ignored in /etc/nginx/nginx.conf:80
2020/06/29 05:49:09 [warn] 1#1: "send_lowat" is not supported, ignored in /etc/nginx/nginx.conf:50
2020/06/29 05:49:09 [warn] 1#1: server name "/var/log/nginx/access.log" has suspicious symbols in /etc/nginx/nginx.conf:63
2020/06/29 05:49:09 [warn] 1#1: "proxy_send_lowat" is not supported, ignored in /etc/nginx/nginx.conf:80
2020/06/29 05:58:26 [warn] 1#1: "send_lowat" is not supported, ignored in /etc/nginx/nginx.conf:50
2020/06/29 05:58:26 [warn] 1#1: server name "/var/log/nginx/access.log" has suspicious symbols in /etc/nginx/nginx.conf:63
2020/06/29 05:58:26 [warn] 1#1: "proxy_send_lowat" is not supported, ignored in /etc/nginx/nginx.conf:80
2020/06/29 06:30:27 [warn] 1#1: "send_lowat" is not supported, ignored in /etc/nginx/nginx.conf:50
2020/06/29 06:30:27 [warn] 1#1: server name "/var/log/nginx/access.log" has suspicious symbols in /etc/nginx/nginx.conf:63
2020/06/29 06:30:27 [warn] 1#1: "proxy_send_lowat" is not supported, ignored in /etc/nginx/nginx.conf:80
2020/06/29 07:43:09 [warn] 1#1: "send_lowat" is not supported, ignored in /etc/nginx/nginx.conf:50
2020/06/29 07:43:09 [warn] 1#1: server name "/var/log/nginx/access.log" has suspicious symbols in /etc/nginx/nginx.conf:63
2020/06/29 07:43:09 [warn] 1#1: "proxy_send_lowat" is not supported, ignored in /etc/nginx/nginx.conf:80
2020/06/29 20:23:33 [warn] 1#1: "send_lowat" is not supported, ignored in /etc/nginx/nginx.conf:50
2020/06/29 20:23:33 [warn] 1#1: server name "/var/log/nginx/access.log" has suspicious symbols in /etc/nginx/nginx.conf:63
2020/06/29 20:23:33 [warn] 1#1: "proxy_send_lowat" is not supported, ignored in /etc/nginx/nginx.conf:80
2020/06/30 09:40:58 [warn] 1#1: "send_lowat" is not supported, ignored in /etc/nginx/nginx.conf:50
2020/06/30 09:40:58 [warn] 1#1: server name "/var/log/nginx/access.log" has suspicious symbols in /etc/nginx/nginx.conf:63
2020/06/30 09:40:58 [warn] 1#1: "proxy_send_lowat" is not supported, ignored in /etc/nginx/nginx.conf:80
